<?xml version="1.0" encoding="UTF-8"?>
<!-- Generated by org.testng.reporters.JUnitXMLReporter -->
<testsuite hostname="ANKU-PC" ignored="0" name="Free CRM Testing" tests="1" failures="1" timestamp="17 Mar 2019 09:50:41 GMT" time="0.121" errors="0">
  <testcase name="crmLogin" time="0.079" classname="com.testngbasics.Test_Parameterization">
    <failure type="java.lang.IllegalStateException" message="The driver executable does not exist: D:\JavaSelenium\Selenium Jar and Drivers\BrowserDrivers\chromedriver.exe">
      <![CDATA[java.lang.IllegalStateException: The driver executable does not exist: D:\JavaSelenium\Selenium Jar and Drivers\BrowserDrivers\chromedriver.exe
at com.google.common.base.Preconditions.checkState(Preconditions.java:585)
at org.openqa.selenium.remote.service.DriverService.checkExecutable(DriverService.java:136)
at org.openqa.selenium.remote.service.DriverService.findExecutable(DriverService.java:131)
at org.openqa.selenium.chrome.ChromeDriverService.access$000(ChromeDriverService.java:33)
at org.openqa.selenium.chrome.ChromeDriverService$Builder.findDefaultExecutable(ChromeDriverService.java:139)
at org.openqa.selenium.remote.service.DriverService$Builder.build(DriverService.java:335)
at org.openqa.selenium.chrome.ChromeDriverService.createDefaultService(ChromeDriverService.java:89)
at org.openqa.selenium.chrome.ChromeDriver.<init>(ChromeDriver.java:123)
at com.testngbasics.Test_Parameterization.crmLogin(Test_Parameterization.java:20)
... Removed 25 stack frames]]>
    </failure>
  </testcase> <!-- crmLogin -->
</testsuite> <!-- Free CRM Testing -->
